[debug] [2021-05-30T16:31:02.989Z] ----------------------------------------------------------------------
[debug] [2021-05-30T16:31:02.999Z] Command:       C:\Program Files\nodejs\node.exe C:\Users\dell\AppData\Roaming\npm\node_modules\firebase-tools\lib\bin\firebase.js init
[debug] [2021-05-30T16:31:03.000Z] CLI Version:   9.12.0
[debug] [2021-05-30T16:31:03.000Z] Platform:      win32
[debug] [2021-05-30T16:31:03.000Z] Node Version:  v14.16.1
[debug] [2021-05-30T16:31:03.002Z] Time:          Sun May 30 2021 21:31:03 GMT+0500 (Pakistan Standard Time)
[debug] [2021-05-30T16:31:03.003Z] ----------------------------------------------------------------------
[debug] 
[debug] [2021-05-30T16:31:03.012Z] >>> [apiv2][query] GET https://firebase-public.firebaseio.com/cli.json [none]
[debug] [2021-05-30T16:31:03.071Z] > command requires scopes: ["email","openid","https://www.googleapis.com/auth/cloudplatformprojects.readonly","https://www.googleapis.com/auth/firebase","https://www.googleapis.com/auth/cloud-platform"]
[debug] [2021-05-30T16:31:03.071Z] > authorizing via signed-in user (iamali62426@gmail.com)
[info] 
     ######## #### ########  ######## ########     ###     ######  ########
     ##        ##  ##     ## ##       ##     ##  ##   ##  ##       ##
     ######    ##  ########  ######   ########  #########  ######  ######
     ##        ##  ##    ##  ##       ##     ## ##     ##       ## ##
     ##       #### ##     ## ######## ########  ##     ##  ######  ########

You're about to initialize a Firebase project in this directory:

  C:\WpProjects\Test-PSD\test-alihassan

Before we get started, keep in mind:

  * You are currently outside your home directory

